<?xml version="1.0" encoding="UTF-8"?>
<testng-results skipped="0" failed="0" ignored="0" total="2" passed="2">
  <reporter-output>
  </reporter-output>
  <suite name="Default suite" duration-ms="37611" started-at="2020-04-29T21:39:34Z" finished-at="2020-04-29T21:40:11Z">
    <groups>
    </groups>
    <test name="Default test" duration-ms="37611" started-at="2020-04-29T21:39:34Z" finished-at="2020-04-29T21:40:11Z">
      <class name="com.qa.testcase.Loginpagetest">
        <test-method status="PASS" signature="pretest()[pri:0, instance:com.qa.testcase.Loginpagetest@4883b407]" name="pretest" is-config="true" duration-ms="28102" started-at="2020-04-29T21:39:34Z" finished-at="2020-04-29T21:40:02Z">
          <reporter-output>
          </reporter-output>
        </test-method> <!-- pretest -->
        <test-method status="PASS" signature="testverifyactilogo()[pri:1, instance:com.qa.testcase.Loginpagetest@4883b407]" name="testverifyactilogo" duration-ms="248" started-at="2020-04-29T21:40:02Z" finished-at="2020-04-29T21:40:02Z">
          <reporter-output>
          </reporter-output>
        </test-method> <!-- testverifyactilogo -->
        <test-method status="PASS" signature="loginpagetest()[pri:0, instance:com.qa.testcase.Loginpagetest@4883b407]" name="loginpagetest" is-config="true" duration-ms="262" started-at="2020-04-29T21:40:02Z" finished-at="2020-04-29T21:40:03Z">
          <reporter-output>
          </reporter-output>
        </test-method> <!-- loginpagetest -->
        <test-method status="PASS" signature="pretest()[pri:0, instance:com.qa.testcase.Loginpagetest@4883b407]" name="pretest" is-config="true" duration-ms="7602" started-at="2020-04-29T21:40:03Z" finished-at="2020-04-29T21:40:10Z">
          <reporter-output>
          </reporter-output>
        </test-method> <!-- pretest -->
        <test-method status="PASS" signature="testvelidateloginfunction()[pri:2, instance:com.qa.testcase.Loginpagetest@4883b407]" name="testvelidateloginfunction" duration-ms="1024" started-at="2020-04-29T21:40:10Z" finished-at="2020-04-29T21:40:11Z">
          <reporter-output>
          </reporter-output>
        </test-method> <!-- testvelidateloginfunction -->
        <test-method status="PASS" signature="loginpagetest()[pri:0, instance:com.qa.testcase.Loginpagetest@4883b407]" name="loginpagetest" is-config="true" duration-ms="287" started-at="2020-04-29T21:40:11Z" finished-at="2020-04-29T21:40:11Z">
          <reporter-output>
          </reporter-output>
        </test-method> <!-- loginpagetest -->
      </class> <!-- com.qa.testcase.Loginpagetest -->
    </test> <!-- Default test -->
  </suite> <!-- Default suite -->
</testng-results>
